\BOOKMARK [0][-]{chapter.1}{Wstep}{}% 1
\BOOKMARK [0][-]{chapter.2}{Podstawy teoretyczne}{}% 2
\BOOKMARK [1][-]{section.2.1}{System kontroli wersji Git}{chapter.2}% 3
\BOOKMARK [2][-]{subsection.2.1.1}{Cechy charakterystyczne}{section.2.1}% 4
\BOOKMARK [2][-]{subsection.2.1.2}{Repozytorium}{section.2.1}% 5
\BOOKMARK [2][-]{subsection.2.1.3}{Tworzenie rewizji}{section.2.1}% 6
\BOOKMARK [2][-]{subsection.2.1.4}{Ga\233ezie}{section.2.1}% 7
\BOOKMARK [2][-]{subsection.2.1.5}{Wycofywanie zmian}{section.2.1}% 8
\BOOKMARK [2][-]{subsection.2.1.6}{Repozytoria zdalne}{section.2.1}% 9
\BOOKMARK [1][-]{section.2.2}{Gitflow}{chapter.2}% 10
\BOOKMARK [2][-]{subsection.2.2.1}{Podstawowe za\233ozenia}{section.2.2}% 11
\BOOKMARK [2][-]{subsection.2.2.2}{Rozszerzanie funkcjonalnosci}{section.2.2}% 12
\BOOKMARK [2][-]{subsection.2.2.3}{Przygotowywanie nowego wydania}{section.2.2}% 13
\BOOKMARK [2][-]{subsection.2.2.4}{Naprawa b\233ed\363w wymagajacych szybkiego rozwiazania}{section.2.2}% 14
\BOOKMARK [0][-]{chapter.3}{Projekt}{}% 15
\BOOKMARK [1][-]{section.3.1}{Za\233ozenia}{chapter.3}% 16
\BOOKMARK [1][-]{section.3.2}{Przebieg gry}{chapter.3}% 17
\BOOKMARK [1][-]{section.3.3}{Zadania}{chapter.3}% 18
\BOOKMARK [2][-]{subsection.3.3.1}{Pomoc}{section.3.3}% 19
\BOOKMARK [2][-]{subsection.3.3.2}{Punkty za rozwiazanie}{section.3.3}% 20
\BOOKMARK [0][-]{chapter.4}{Implementacja}{}% 21
\BOOKMARK [1][-]{section.4.1}{Wykorzystane technologie}{chapter.4}% 22
\BOOKMARK [2][-]{subsection.4.1.1}{JavaScript}{section.4.1}% 23
\BOOKMARK [2][-]{subsection.4.1.2}{Redux}{section.4.1}% 24
\BOOKMARK [2][-]{subsection.4.1.3}{React.js}{section.4.1}% 25
\BOOKMARK [2][-]{subsection.4.1.4}{Babylon.js}{section.4.1}% 26
\BOOKMARK [1][-]{section.4.2}{Scenariusz rozgrywki}{chapter.4}% 27
\BOOKMARK [2][-]{subsection.4.2.1}{Struktura}{section.4.2}% 28
\BOOKMARK [3][-]{subsubsection.4.2.1.1}{Konstrukcja zadania}{subsection.4.2.1}% 29
\BOOKMARK [3][-]{subsubsection.4.2.1.2}{Konstrukcja kroku}{subsection.4.2.1}% 30
\BOOKMARK [3][-]{subsubsection.4.2.1.3}{Format danych}{subsection.4.2.1}% 31
\BOOKMARK [2][-]{subsection.4.2.2}{Graficzne narzedzie do definiowania zadan}{section.4.2}% 32
\BOOKMARK [3][-]{subsubsection.4.2.2.1}{Motywacja}{subsection.4.2.2}% 33
\BOOKMARK [3][-]{subsubsection.4.2.2.2}{Poszukiwanie gotowego rozwiazania}{subsection.4.2.2}% 34
\BOOKMARK [3][-]{subsubsection.4.2.2.3}{TaskCreator}{subsection.4.2.2}% 35
\BOOKMARK [1][-]{section.4.3}{Stan i jego tranzycje}{chapter.4}% 36
\BOOKMARK [2][-]{subsection.4.3.1}{Wstep}{section.4.3}% 37
\BOOKMARK [2][-]{subsection.4.3.2}{Zadania}{section.4.3}% 38
\BOOKMARK [2][-]{subsection.4.3.3}{Pomoc}{section.4.3}% 39
\BOOKMARK [2][-]{subsection.4.3.4}{Drzewo plik\363w}{section.4.3}% 40
\BOOKMARK [2][-]{subsection.4.3.5}{Punkty}{section.4.3}% 41
\BOOKMARK [2][-]{subsection.4.3.6}{Tutorial}{section.4.3}% 42
\BOOKMARK [2][-]{subsection.4.3.7}{Konsola}{section.4.3}% 43
\BOOKMARK [2][-]{subsection.4.3.8}{Podsumowanie}{section.4.3}% 44
\BOOKMARK [1][-]{section.4.4}{Komponenty graficzne}{chapter.4}% 45
\BOOKMARK [2][-]{subsection.4.4.1}{Wstep}{section.4.4}% 46
\BOOKMARK [2][-]{subsection.4.4.2}{Komponenty pomocnicze}{section.4.4}% 47
\BOOKMARK [2][-]{subsection.4.4.3}{Tutorial}{section.4.4}% 48
\BOOKMARK [2][-]{subsection.4.4.4}{Kontener aplikacji}{section.4.4}% 49
\BOOKMARK [2][-]{subsection.4.4.5}{Aktualne zadanie}{section.4.4}% 50
\BOOKMARK [2][-]{subsection.4.4.6}{Konsola}{section.4.4}% 51
\BOOKMARK [2][-]{subsection.4.4.7}{Pomoc}{section.4.4}% 52
\BOOKMARK [2][-]{subsection.4.4.8}{Drzewo plik\363w}{section.4.4}% 53
\BOOKMARK [2][-]{subsection.4.4.9}{Czas, punkty, postep}{section.4.4}% 54
\BOOKMARK [2][-]{subsection.4.4.10}{Canvas}{section.4.4}% 55
\BOOKMARK [1][-]{section.4.5}{Grafika 3D}{chapter.4}% 56
\BOOKMARK [2][-]{subsection.4.5.1}{Repozytorium 3D}{section.4.5}% 57
\BOOKMARK [2][-]{subsection.4.5.2}{Ga\233az}{section.4.5}% 58
\BOOKMARK [2][-]{subsection.4.5.3}{Rewizja}{section.4.5}% 59
\BOOKMARK [2][-]{subsection.4.5.4}{Tekst}{section.4.5}% 60
\BOOKMARK [2][-]{subsection.4.5.5}{Kamera}{section.4.5}% 61
\BOOKMARK [2][-]{subsection.4.5.6}{Kod w tle}{section.4.5}% 62
\BOOKMARK [2][-]{subsection.4.5.7}{Drobny py\233}{section.4.5}% 63
\BOOKMARK [0][-]{chapter.5}{Podsumowanie}{}% 64
\BOOKMARK [0][-]{appendix.A}{Przewodnik uzytkownika}{}% 65
\BOOKMARK [0][-]{appendix*.16}{Bibliografia}{}% 66
